mode: atomic
frigate-event-manager/internal/adapter/config/config.go:36.37,38.2 1 0
frigate-event-manager/internal/adapter/config/config.go:40.41,42.16 2 0
frigate-event-manager/internal/adapter/config/config.go:42.16,44.3 1 0
frigate-event-manager/internal/adapter/config/config.go:46.2,47.51 2 0
frigate-event-manager/internal/adapter/config/config.go:47.51,49.3 1 0
frigate-event-manager/internal/adapter/config/config.go:51.2,54.39 3 0
frigate-event-manager/internal/adapter/config/config.go:54.39,56.3 1 0
frigate-event-manager/internal/adapter/config/config.go:58.2,58.18 1 0
frigate-event-manager/internal/adapter/config/config.go:61.38,62.46 1 0
frigate-event-manager/internal/adapter/config/config.go:62.46,64.3 1 0
frigate-event-manager/internal/adapter/config/config.go:65.2,65.46 1 0
frigate-event-manager/internal/adapter/config/config.go:65.46,67.3 1 0
frigate-event-manager/internal/adapter/config/config.go:68.2,68.49 1 0
frigate-event-manager/internal/adapter/config/config.go:68.49,70.3 1 0
frigate-event-manager/internal/adapter/config/config.go:73.34,74.23 1 0
frigate-event-manager/internal/adapter/config/config.go:74.23,76.3 1 0
frigate-event-manager/internal/adapter/config/config.go:77.2,77.26 1 0
frigate-event-manager/internal/adapter/config/config.go:77.26,79.3 1 0
frigate-event-manager/internal/adapter/config/config.go:80.2,80.21 1 0
frigate-event-manager/internal/adapter/config/config.go:80.21,82.3 1 0
frigate-event-manager/internal/adapter/config/config.go:83.2,83.21 1 0
frigate-event-manager/internal/adapter/config/config.go:83.21,85.3 1 0
frigate-event-manager/internal/adapter/config/config.go:86.2,86.16 1 0
frigate-event-manager/internal/adapter/config/config.go:86.16,88.3 1 0
frigate-event-manager/internal/adapter/config/config.go:89.2,89.40 1 0
frigate-event-manager/internal/adapter/config/config.go:92.35,93.27 1 0
frigate-event-manager/internal/adapter/config/config.go:93.27,95.3 1 0
frigate-event-manager/internal/adapter/config/config.go:96.2,96.12 1 0
frigate-event-manager/internal/adapter/debughandler/handler.go:17.47,19.2 1 1
frigate-event-manager/internal/adapter/debughandler/handler.go:22.68,32.2 2 1
frigate-event-manager/internal/adapter/homeassistant/notifier.go:27.66,34.2 1 0
frigate-event-manager/internal/adapter/homeassistant/notifier.go:44.69,48.16 3 0
frigate-event-manager/internal/adapter/homeassistant/notifier.go:48.16,50.3 1 0
frigate-event-manager/internal/adapter/homeassistant/notifier.go:52.2,55.16 3 0
frigate-event-manager/internal/adapter/homeassistant/notifier.go:55.16,57.3 1 0
frigate-event-manager/internal/adapter/homeassistant/notifier.go:58.2,62.16 4 0
frigate-event-manager/internal/adapter/homeassistant/notifier.go:62.16,64.3 1 0
frigate-event-manager/internal/adapter/homeassistant/notifier.go:65.2,65.15 1 0
frigate-event-manager/internal/adapter/homeassistant/notifier.go:65.15,65.40 1 0
frigate-event-manager/internal/adapter/homeassistant/notifier.go:67.2,67.28 1 0
frigate-event-manager/internal/adapter/homeassistant/notifier.go:67.28,70.3 2 0
frigate-event-manager/internal/adapter/homeassistant/notifier.go:72.2,72.12 1 0
frigate-event-manager/internal/adapter/homeassistant/notifier.go:76.89,85.17 5 0
frigate-event-manager/internal/adapter/homeassistant/notifier.go:85.17,87.3 1 0
frigate-event-manager/internal/adapter/homeassistant/notifier.go:90.2,101.3 3 0
frigate-event-manager/internal/adapter/homeassistant/notifier.go:107.54,110.31 2 0
frigate-event-manager/internal/adapter/homeassistant/notifier.go:110.31,111.20 1 0
frigate-event-manager/internal/adapter/homeassistant/notifier.go:111.20,113.10 1 0
frigate-event-manager/internal/adapter/homeassistant/notifier.go:116.5,116.27 1 0
frigate-event-manager/internal/adapter/homeassistant/notifier.go:116.27,118.6 1 0
frigate-event-manager/internal/adapter/homeassistant/notifier.go:120.5,121.32 2 0
frigate-event-manager/internal/adapter/homeassistant/notifier.go:121.32,123.6 1 0
frigate-event-manager/internal/adapter/homeassistant/notifier.go:125.5,127.27 2 0
frigate-event-manager/internal/adapter/homeassistant/notifier.go:127.27,129.6 1 0
frigate-event-manager/internal/adapter/homeassistant/notifier.go:131.5,131.17 1 0
frigate-event-manager/internal/adapter/mqtt/handler.go:21.72,23.2 1 0
frigate-event-manager/internal/adapter/mqtt/handler.go:27.51,28.22 1 0
frigate-event-manager/internal/adapter/mqtt/handler.go:28.22,30.6 1 0
frigate-event-manager/internal/adapter/mqtt/handler.go:32.5,33.57 2 0
frigate-event-manager/internal/adapter/mqtt/handler.go:33.57,35.6 1 0
frigate-event-manager/internal/adapter/mqtt/handler.go:37.5,37.45 1 0
frigate-event-manager/internal/adapter/mqtt/subscriber.go:35.133,45.2 1 0
frigate-event-manager/internal/adapter/mqtt/subscriber.go:50.55,52.16 2 0
frigate-event-manager/internal/adapter/mqtt/subscriber.go:52.16,54.3 1 0
frigate-event-manager/internal/adapter/mqtt/subscriber.go:56.2,61.79 1 0
frigate-event-manager/internal/adapter/mqtt/subscriber.go:61.79,70.21 3 0
frigate-event-manager/internal/adapter/mqtt/subscriber.go:70.21,73.5 2 0
frigate-event-manager/internal/adapter/mqtt/subscriber.go:74.4,74.55 1 0
frigate-event-manager/internal/adapter/mqtt/subscriber.go:76.35,78.4 1 0
frigate-event-manager/internal/adapter/mqtt/subscriber.go:82.49,85.76 2 0
frigate-event-manager/internal/adapter/mqtt/subscriber.go:85.76,87.7 1 0
frigate-event-manager/internal/adapter/mqtt/subscriber.go:89.6,89.22 1 0
frigate-event-manager/internal/adapter/mqtt/subscriber.go:96.2,97.16 2 0
frigate-event-manager/internal/adapter/mqtt/subscriber.go:97.16,99.3 1 0
frigate-event-manager/internal/adapter/mqtt/subscriber.go:102.2,102.47 1 0
frigate-event-manager/internal/adapter/mqtt/subscriber.go:102.47,104.3 1 0
frigate-event-manager/internal/adapter/mqtt/subscriber.go:107.2,109.12 3 0
frigate-event-manager/internal/core/filter/chain.go:21.53,23.2 1 0
frigate-event-manager/internal/core/filter/chain.go:26.65,27.33 1 0
frigate-event-manager/internal/core/filter/chain.go:27.33,28.34 1 0
frigate-event-manager/internal/core/filter/chain.go:28.34,30.10 1 0
frigate-event-manager/internal/core/filter/chain.go:32.5,32.16 1 0
frigate-event-manager/internal/core/filter/severity.go:15.58,17.2 1 0
frigate-event-manager/internal/core/filter/severity.go:20.68,21.28 1 0
frigate-event-manager/internal/core/filter/severity.go:21.28,23.6 1 0
frigate-event-manager/internal/core/filter/severity.go:24.5,24.33 1 0
frigate-event-manager/internal/core/filter/severity.go:24.33,25.32 1 0
frigate-event-manager/internal/core/filter/severity.go:25.32,27.10 1 0
frigate-event-manager/internal/core/filter/severity.go:29.5,29.17 1 0
frigate-event-manager/internal/core/processor/processor.go:17.87,22.2 1 0
frigate-event-manager/internal/core/processor/processor.go:27.71,28.80 1 0
frigate-event-manager/internal/core/processor/processor.go:28.80,30.3 1 0
frigate-event-manager/internal/core/processor/processor.go:32.2,32.43 1 0
frigate-event-manager/internal/core/processor/processor.go:32.43,34.3 1 0
frigate-event-manager/internal/core/processor/processor.go:36.2,36.39 1 0
frigate-event-manager/internal/core/throttle/throttle.go:32.99,41.2 1 0
frigate-event-manager/internal/core/throttle/throttle.go:43.70,44.27 1 0
frigate-event-manager/internal/core/throttle/throttle.go:44.27,47.3 2 0
frigate-event-manager/internal/core/throttle/throttle.go:48.2,48.28 1 0
frigate-event-manager/internal/core/throttle/throttle.go:48.28,50.3 1 0
frigate-event-manager/internal/core/throttle/throttle.go:51.2,51.36 1 0
frigate-event-manager/internal/core/throttle/throttle.go:55.40,59.2 3 0
frigate-event-manager/internal/core/throttle/throttle.go:64.68,78.16 8 0
frigate-event-manager/internal/core/throttle/throttle.go:78.16,79.21 1 0
frigate-event-manager/internal/core/throttle/throttle.go:79.21,80.56 1 0
frigate-event-manager/internal/core/throttle/throttle.go:80.56,82.5 1 0
frigate-event-manager/internal/core/throttle/throttle.go:84.8,85.21 1 0
frigate-event-manager/internal/core/throttle/throttle.go:85.21,86.71 1 0
frigate-event-manager/internal/core/throttle/throttle.go:86.71,88.5 1 0
frigate-event-manager/internal/core/throttle/throttle.go:93.2,94.17 2 0
frigate-event-manager/internal/core/throttle/throttle.go:94.17,96.3 1 0
frigate-event-manager/internal/core/throttle/throttle.go:98.2,98.13 1 0
frigate-event-manager/internal/core/throttle/throttle.go:104.49,105.33 1 0
frigate-event-manager/internal/core/throttle/throttle.go:105.33,106.28 1 0
frigate-event-manager/internal/core/throttle/throttle.go:106.28,108.4 1 0
frigate-event-manager/internal/adapter/config/config.go:36.37,38.2 1 4
frigate-event-manager/internal/adapter/config/config.go:40.41,42.16 2 8
frigate-event-manager/internal/adapter/config/config.go:42.16,44.3 1 1
frigate-event-manager/internal/adapter/config/config.go:46.2,47.51 2 7
frigate-event-manager/internal/adapter/config/config.go:47.51,49.3 1 1
frigate-event-manager/internal/adapter/config/config.go:51.2,54.39 3 6
frigate-event-manager/internal/adapter/config/config.go:54.39,56.3 1 1
frigate-event-manager/internal/adapter/config/config.go:58.2,58.18 1 5
frigate-event-manager/internal/adapter/config/config.go:61.38,62.46 1 6
frigate-event-manager/internal/adapter/config/config.go:62.46,64.3 1 1
frigate-event-manager/internal/adapter/config/config.go:65.2,65.46 1 6
frigate-event-manager/internal/adapter/config/config.go:65.46,67.3 1 1
frigate-event-manager/internal/adapter/config/config.go:68.2,68.49 1 6
frigate-event-manager/internal/adapter/config/config.go:68.49,70.3 1 1
frigate-event-manager/internal/adapter/config/config.go:73.34,74.23 1 6
frigate-event-manager/internal/adapter/config/config.go:74.23,76.3 1 4
frigate-event-manager/internal/adapter/config/config.go:77.2,77.26 1 6
frigate-event-manager/internal/adapter/config/config.go:77.26,79.3 1 5
frigate-event-manager/internal/adapter/config/config.go:80.2,80.21 1 6
frigate-event-manager/internal/adapter/config/config.go:80.21,82.3 1 6
frigate-event-manager/internal/adapter/config/config.go:83.2,83.21 1 6
frigate-event-manager/internal/adapter/config/config.go:83.21,85.3 1 6
frigate-event-manager/internal/adapter/config/config.go:86.2,86.16 1 6
frigate-event-manager/internal/adapter/config/config.go:86.16,88.3 1 6
frigate-event-manager/internal/adapter/config/config.go:89.2,89.40 1 6
frigate-event-manager/internal/adapter/config/config.go:92.35,93.27 1 6
frigate-event-manager/internal/adapter/config/config.go:93.27,95.3 1 1
frigate-event-manager/internal/adapter/config/config.go:96.2,96.12 1 5
frigate-event-manager/internal/adapter/debughandler/handler.go:17.47,19.2 1 0
frigate-event-manager/internal/adapter/debughandler/handler.go:22.68,32.2 2 0
frigate-event-manager/internal/adapter/homeassistant/notifier.go:27.66,34.2 1 0
frigate-event-manager/internal/adapter/homeassistant/notifier.go:44.69,48.16 3 0
frigate-event-manager/internal/adapter/homeassistant/notifier.go:48.16,50.3 1 0
frigate-event-manager/internal/adapter/homeassistant/notifier.go:52.2,55.16 3 0
frigate-event-manager/internal/adapter/homeassistant/notifier.go:55.16,57.3 1 0
frigate-event-manager/internal/adapter/homeassistant/notifier.go:58.2,62.16 4 0
frigate-event-manager/internal/adapter/homeassistant/notifier.go:62.16,64.3 1 0
frigate-event-manager/internal/adapter/homeassistant/notifier.go:65.2,65.15 1 0
frigate-event-manager/internal/adapter/homeassistant/notifier.go:65.15,65.40 1 0
frigate-event-manager/internal/adapter/homeassistant/notifier.go:67.2,67.28 1 0
frigate-event-manager/internal/adapter/homeassistant/notifier.go:67.28,70.3 2 0
frigate-event-manager/internal/adapter/homeassistant/notifier.go:72.2,72.12 1 0
frigate-event-manager/internal/adapter/homeassistant/notifier.go:76.89,85.17 5 0
frigate-event-manager/internal/adapter/homeassistant/notifier.go:85.17,87.3 1 0
frigate-event-manager/internal/adapter/homeassistant/notifier.go:90.2,101.3 3 0
frigate-event-manager/internal/adapter/homeassistant/notifier.go:107.54,110.31 2 0
frigate-event-manager/internal/adapter/homeassistant/notifier.go:110.31,111.20 1 0
frigate-event-manager/internal/adapter/homeassistant/notifier.go:111.20,113.10 1 0
frigate-event-manager/internal/adapter/homeassistant/notifier.go:116.5,116.27 1 0
frigate-event-manager/internal/adapter/homeassistant/notifier.go:116.27,118.6 1 0
frigate-event-manager/internal/adapter/homeassistant/notifier.go:120.5,121.32 2 0
frigate-event-manager/internal/adapter/homeassistant/notifier.go:121.32,123.6 1 0
frigate-event-manager/internal/adapter/homeassistant/notifier.go:125.5,127.27 2 0
frigate-event-manager/internal/adapter/homeassistant/notifier.go:127.27,129.6 1 0
frigate-event-manager/internal/adapter/homeassistant/notifier.go:131.5,131.17 1 0
frigate-event-manager/internal/adapter/mqtt/handler.go:21.72,23.2 1 0
frigate-event-manager/internal/adapter/mqtt/handler.go:27.51,28.22 1 0
frigate-event-manager/internal/adapter/mqtt/handler.go:28.22,30.6 1 0
frigate-event-manager/internal/adapter/mqtt/handler.go:32.5,33.57 2 0
frigate-event-manager/internal/adapter/mqtt/handler.go:33.57,35.6 1 0
frigate-event-manager/internal/adapter/mqtt/handler.go:37.5,37.45 1 0
frigate-event-manager/internal/adapter/mqtt/subscriber.go:35.133,45.2 1 0
frigate-event-manager/internal/adapter/mqtt/subscriber.go:50.55,52.16 2 0
frigate-event-manager/internal/adapter/mqtt/subscriber.go:52.16,54.3 1 0
frigate-event-manager/internal/adapter/mqtt/subscriber.go:56.2,61.79 1 0
frigate-event-manager/internal/adapter/mqtt/subscriber.go:61.79,70.21 3 0
frigate-event-manager/internal/adapter/mqtt/subscriber.go:70.21,73.5 2 0
frigate-event-manager/internal/adapter/mqtt/subscriber.go:74.4,74.55 1 0
frigate-event-manager/internal/adapter/mqtt/subscriber.go:76.35,78.4 1 0
frigate-event-manager/internal/adapter/mqtt/subscriber.go:82.49,85.76 2 0
frigate-event-manager/internal/adapter/mqtt/subscriber.go:85.76,87.7 1 0
frigate-event-manager/internal/adapter/mqtt/subscriber.go:89.6,89.22 1 0
frigate-event-manager/internal/adapter/mqtt/subscriber.go:96.2,97.16 2 0
frigate-event-manager/internal/adapter/mqtt/subscriber.go:97.16,99.3 1 0
frigate-event-manager/internal/adapter/mqtt/subscriber.go:102.2,102.47 1 0
frigate-event-manager/internal/adapter/mqtt/subscriber.go:102.47,104.3 1 0
frigate-event-manager/internal/adapter/mqtt/subscriber.go:107.2,109.12 3 0
frigate-event-manager/internal/core/filter/chain.go:21.53,23.2 1 0
frigate-event-manager/internal/core/filter/chain.go:26.65,27.33 1 0
frigate-event-manager/internal/core/filter/chain.go:27.33,28.34 1 0
frigate-event-manager/internal/core/filter/chain.go:28.34,30.10 1 0
frigate-event-manager/internal/core/filter/chain.go:32.5,32.16 1 0
frigate-event-manager/internal/core/filter/severity.go:15.58,17.2 1 0
frigate-event-manager/internal/core/filter/severity.go:20.68,21.28 1 0
frigate-event-manager/internal/core/filter/severity.go:21.28,23.6 1 0
frigate-event-manager/internal/core/filter/severity.go:24.5,24.33 1 0
frigate-event-manager/internal/core/filter/severity.go:24.33,25.32 1 0
frigate-event-manager/internal/core/filter/severity.go:25.32,27.10 1 0
frigate-event-manager/internal/core/filter/severity.go:29.5,29.17 1 0
frigate-event-manager/internal/core/processor/processor.go:17.87,22.2 1 0
frigate-event-manager/internal/core/processor/processor.go:27.71,28.80 1 0
frigate-event-manager/internal/core/processor/processor.go:28.80,30.3 1 0
frigate-event-manager/internal/core/processor/processor.go:32.2,32.43 1 0
frigate-event-manager/internal/core/processor/processor.go:32.43,34.3 1 0
frigate-event-manager/internal/core/processor/processor.go:36.2,36.39 1 0
frigate-event-manager/internal/core/throttle/throttle.go:32.99,41.2 1 0
frigate-event-manager/internal/core/throttle/throttle.go:43.70,44.27 1 0
frigate-event-manager/internal/core/throttle/throttle.go:44.27,47.3 2 0
frigate-event-manager/internal/core/throttle/throttle.go:48.2,48.28 1 0
frigate-event-manager/internal/core/throttle/throttle.go:48.28,50.3 1 0
frigate-event-manager/internal/core/throttle/throttle.go:51.2,51.36 1 0
frigate-event-manager/internal/core/throttle/throttle.go:55.40,59.2 3 0
frigate-event-manager/internal/core/throttle/throttle.go:64.68,78.16 8 0
frigate-event-manager/internal/core/throttle/throttle.go:78.16,79.21 1 0
frigate-event-manager/internal/core/throttle/throttle.go:79.21,80.56 1 0
frigate-event-manager/internal/core/throttle/throttle.go:80.56,82.5 1 0
frigate-event-manager/internal/core/throttle/throttle.go:84.8,85.21 1 0
frigate-event-manager/internal/core/throttle/throttle.go:85.21,86.71 1 0
frigate-event-manager/internal/core/throttle/throttle.go:86.71,88.5 1 0
frigate-event-manager/internal/core/throttle/throttle.go:93.2,94.17 2 0
frigate-event-manager/internal/core/throttle/throttle.go:94.17,96.3 1 0
frigate-event-manager/internal/core/throttle/throttle.go:98.2,98.13 1 0
frigate-event-manager/internal/core/throttle/throttle.go:104.49,105.33 1 0
frigate-event-manager/internal/core/throttle/throttle.go:105.33,106.28 1 0
frigate-event-manager/internal/core/throttle/throttle.go:106.28,108.4 1 0
frigate-event-manager/internal/adapter/config/config.go:36.37,38.2 1 0
frigate-event-manager/internal/adapter/config/config.go:40.41,42.16 2 0
frigate-event-manager/internal/adapter/config/config.go:42.16,44.3 1 0
frigate-event-manager/internal/adapter/config/config.go:46.2,47.51 2 0
frigate-event-manager/internal/adapter/config/config.go:47.51,49.3 1 0
frigate-event-manager/internal/adapter/config/config.go:51.2,54.39 3 0
frigate-event-manager/internal/adapter/config/config.go:54.39,56.3 1 0
frigate-event-manager/internal/adapter/config/config.go:58.2,58.18 1 0
frigate-event-manager/internal/adapter/config/config.go:61.38,62.46 1 0
frigate-event-manager/internal/adapter/config/config.go:62.46,64.3 1 0
frigate-event-manager/internal/adapter/config/config.go:65.2,65.46 1 0
frigate-event-manager/internal/adapter/config/config.go:65.46,67.3 1 0
frigate-event-manager/internal/adapter/config/config.go:68.2,68.49 1 0
frigate-event-manager/internal/adapter/config/config.go:68.49,70.3 1 0
frigate-event-manager/internal/adapter/config/config.go:73.34,74.23 1 0
frigate-event-manager/internal/adapter/config/config.go:74.23,76.3 1 0
frigate-event-manager/internal/adapter/config/config.go:77.2,77.26 1 0
frigate-event-manager/internal/adapter/config/config.go:77.26,79.3 1 0
frigate-event-manager/internal/adapter/config/config.go:80.2,80.21 1 0
frigate-event-manager/internal/adapter/config/config.go:80.21,82.3 1 0
frigate-event-manager/internal/adapter/config/config.go:83.2,83.21 1 0
frigate-event-manager/internal/adapter/config/config.go:83.21,85.3 1 0
frigate-event-manager/internal/adapter/config/config.go:86.2,86.16 1 0
frigate-event-manager/internal/adapter/config/config.go:86.16,88.3 1 0
frigate-event-manager/internal/adapter/config/config.go:89.2,89.40 1 0
frigate-event-manager/internal/adapter/config/config.go:92.35,93.27 1 0
frigate-event-manager/internal/adapter/config/config.go:93.27,95.3 1 0
frigate-event-manager/internal/adapter/config/config.go:96.2,96.12 1 0
frigate-event-manager/internal/adapter/debughandler/handler.go:17.47,19.2 1 0
frigate-event-manager/internal/adapter/debughandler/handler.go:22.68,32.2 2 0
frigate-event-manager/internal/adapter/homeassistant/notifier.go:27.66,34.2 1 6
frigate-event-manager/internal/adapter/homeassistant/notifier.go:44.69,48.16 3 6
frigate-event-manager/internal/adapter/homeassistant/notifier.go:48.16,50.3 1 0
frigate-event-manager/internal/adapter/homeassistant/notifier.go:52.2,55.16 3 6
frigate-event-manager/internal/adapter/homeassistant/notifier.go:55.16,57.3 1 1
frigate-event-manager/internal/adapter/homeassistant/notifier.go:58.2,62.16 4 5
frigate-event-manager/internal/adapter/homeassistant/notifier.go:62.16,64.3 1 1
frigate-event-manager/internal/adapter/homeassistant/notifier.go:65.2,65.15 1 4
frigate-event-manager/internal/adapter/homeassistant/notifier.go:65.15,65.40 1 4
frigate-event-manager/internal/adapter/homeassistant/notifier.go:67.2,67.28 1 4
frigate-event-manager/internal/adapter/homeassistant/notifier.go:67.28,70.3 2 1
frigate-event-manager/internal/adapter/homeassistant/notifier.go:72.2,72.12 1 3
frigate-event-manager/internal/adapter/homeassistant/notifier.go:76.89,85.17 5 6
frigate-event-manager/internal/adapter/homeassistant/notifier.go:85.17,87.3 1 5
frigate-event-manager/internal/adapter/homeassistant/notifier.go:90.2,101.3 3 6
frigate-event-manager/internal/adapter/homeassistant/notifier.go:107.54,110.31 2 6
frigate-event-manager/internal/adapter/homeassistant/notifier.go:110.31,111.20 1 6
frigate-event-manager/internal/adapter/homeassistant/notifier.go:111.20,113.10 1 5
frigate-event-manager/internal/adapter/homeassistant/notifier.go:116.5,116.27 1 6
frigate-event-manager/internal/adapter/homeassistant/notifier.go:116.27,118.6 1 1
frigate-event-manager/internal/adapter/homeassistant/notifier.go:120.5,121.32 2 5
frigate-event-manager/internal/adapter/homeassistant/notifier.go:121.32,123.6 1 5
frigate-event-manager/internal/adapter/homeassistant/notifier.go:125.5,127.27 2 5
frigate-event-manager/internal/adapter/homeassistant/notifier.go:127.27,129.6 1 5
frigate-event-manager/internal/adapter/homeassistant/notifier.go:131.5,131.17 1 5
frigate-event-manager/internal/adapter/mqtt/handler.go:21.72,23.2 1 0
frigate-event-manager/internal/adapter/mqtt/handler.go:27.51,28.22 1 0
frigate-event-manager/internal/adapter/mqtt/handler.go:28.22,30.6 1 0
frigate-event-manager/internal/adapter/mqtt/handler.go:32.5,33.57 2 0
frigate-event-manager/internal/adapter/mqtt/handler.go:33.57,35.6 1 0
frigate-event-manager/internal/adapter/mqtt/handler.go:37.5,37.45 1 0
frigate-event-manager/internal/adapter/mqtt/subscriber.go:35.133,45.2 1 0
frigate-event-manager/internal/adapter/mqtt/subscriber.go:50.55,52.16 2 0
frigate-event-manager/internal/adapter/mqtt/subscriber.go:52.16,54.3 1 0
frigate-event-manager/internal/adapter/mqtt/subscriber.go:56.2,61.79 1 0
frigate-event-manager/internal/adapter/mqtt/subscriber.go:61.79,70.21 3 0
frigate-event-manager/internal/adapter/mqtt/subscriber.go:70.21,73.5 2 0
frigate-event-manager/internal/adapter/mqtt/subscriber.go:74.4,74.55 1 0
frigate-event-manager/internal/adapter/mqtt/subscriber.go:76.35,78.4 1 0
frigate-event-manager/internal/adapter/mqtt/subscriber.go:82.49,85.76 2 0
frigate-event-manager/internal/adapter/mqtt/subscriber.go:85.76,87.7 1 0
frigate-event-manager/internal/adapter/mqtt/subscriber.go:89.6,89.22 1 0
frigate-event-manager/internal/adapter/mqtt/subscriber.go:96.2,97.16 2 0
frigate-event-manager/internal/adapter/mqtt/subscriber.go:97.16,99.3 1 0
frigate-event-manager/internal/adapter/mqtt/subscriber.go:102.2,102.47 1 0
frigate-event-manager/internal/adapter/mqtt/subscriber.go:102.47,104.3 1 0
frigate-event-manager/internal/adapter/mqtt/subscriber.go:107.2,109.12 3 0
frigate-event-manager/internal/core/filter/chain.go:21.53,23.2 1 0
frigate-event-manager/internal/core/filter/chain.go:26.65,27.33 1 0
frigate-event-manager/internal/core/filter/chain.go:27.33,28.34 1 0
frigate-event-manager/internal/core/filter/chain.go:28.34,30.10 1 0
frigate-event-manager/internal/core/filter/chain.go:32.5,32.16 1 0
frigate-event-manager/internal/core/filter/severity.go:15.58,17.2 1 0
frigate-event-manager/internal/core/filter/severity.go:20.68,21.28 1 0
frigate-event-manager/internal/core/filter/severity.go:21.28,23.6 1 0
frigate-event-manager/internal/core/filter/severity.go:24.5,24.33 1 0
frigate-event-manager/internal/core/filter/severity.go:24.33,25.32 1 0
frigate-event-manager/internal/core/filter/severity.go:25.32,27.10 1 0
frigate-event-manager/internal/core/filter/severity.go:29.5,29.17 1 0
frigate-event-manager/internal/core/processor/processor.go:17.87,22.2 1 0
frigate-event-manager/internal/core/processor/processor.go:27.71,28.80 1 0
frigate-event-manager/internal/core/processor/processor.go:28.80,30.3 1 0
frigate-event-manager/internal/core/processor/processor.go:32.2,32.43 1 0
frigate-event-manager/internal/core/processor/processor.go:32.43,34.3 1 0
frigate-event-manager/internal/core/processor/processor.go:36.2,36.39 1 0
frigate-event-manager/internal/core/throttle/throttle.go:32.99,41.2 1 0
frigate-event-manager/internal/core/throttle/throttle.go:43.70,44.27 1 0
frigate-event-manager/internal/core/throttle/throttle.go:44.27,47.3 2 0
frigate-event-manager/internal/core/throttle/throttle.go:48.2,48.28 1 0
frigate-event-manager/internal/core/throttle/throttle.go:48.28,50.3 1 0
frigate-event-manager/internal/core/throttle/throttle.go:51.2,51.36 1 0
frigate-event-manager/internal/core/throttle/throttle.go:55.40,59.2 3 0
frigate-event-manager/internal/core/throttle/throttle.go:64.68,78.16 8 0
frigate-event-manager/internal/core/throttle/throttle.go:78.16,79.21 1 0
frigate-event-manager/internal/core/throttle/throttle.go:79.21,80.56 1 0
frigate-event-manager/internal/core/throttle/throttle.go:80.56,82.5 1 0
frigate-event-manager/internal/core/throttle/throttle.go:84.8,85.21 1 0
frigate-event-manager/internal/core/throttle/throttle.go:85.21,86.71 1 0
frigate-event-manager/internal/core/throttle/throttle.go:86.71,88.5 1 0
frigate-event-manager/internal/core/throttle/throttle.go:93.2,94.17 2 0
frigate-event-manager/internal/core/throttle/throttle.go:94.17,96.3 1 0
frigate-event-manager/internal/core/throttle/throttle.go:98.2,98.13 1 0
frigate-event-manager/internal/core/throttle/throttle.go:104.49,105.33 1 0
frigate-event-manager/internal/core/throttle/throttle.go:105.33,106.28 1 0
frigate-event-manager/internal/core/throttle/throttle.go:106.28,108.4 1 0
frigate-event-manager/internal/adapter/config/config.go:36.37,38.2 1 0
frigate-event-manager/internal/adapter/config/config.go:40.41,42.16 2 0
frigate-event-manager/internal/adapter/config/config.go:42.16,44.3 1 0
frigate-event-manager/internal/adapter/config/config.go:46.2,47.51 2 0
frigate-event-manager/internal/adapter/config/config.go:47.51,49.3 1 0
frigate-event-manager/internal/adapter/config/config.go:51.2,54.39 3 0
frigate-event-manager/internal/adapter/config/config.go:54.39,56.3 1 0
frigate-event-manager/internal/adapter/config/config.go:58.2,58.18 1 0
frigate-event-manager/internal/adapter/config/config.go:61.38,62.46 1 0
frigate-event-manager/internal/adapter/config/config.go:62.46,64.3 1 0
frigate-event-manager/internal/adapter/config/config.go:65.2,65.46 1 0
frigate-event-manager/internal/adapter/config/config.go:65.46,67.3 1 0
frigate-event-manager/internal/adapter/config/config.go:68.2,68.49 1 0
frigate-event-manager/internal/adapter/config/config.go:68.49,70.3 1 0
frigate-event-manager/internal/adapter/config/config.go:73.34,74.23 1 0
frigate-event-manager/internal/adapter/config/config.go:74.23,76.3 1 0
frigate-event-manager/internal/adapter/config/config.go:77.2,77.26 1 0
frigate-event-manager/internal/adapter/config/config.go:77.26,79.3 1 0
frigate-event-manager/internal/adapter/config/config.go:80.2,80.21 1 0
frigate-event-manager/internal/adapter/config/config.go:80.21,82.3 1 0
frigate-event-manager/internal/adapter/config/config.go:83.2,83.21 1 0
frigate-event-manager/internal/adapter/config/config.go:83.21,85.3 1 0
frigate-event-manager/internal/adapter/config/config.go:86.2,86.16 1 0
frigate-event-manager/internal/adapter/config/config.go:86.16,88.3 1 0
frigate-event-manager/internal/adapter/config/config.go:89.2,89.40 1 0
frigate-event-manager/internal/adapter/config/config.go:92.35,93.27 1 0
frigate-event-manager/internal/adapter/config/config.go:93.27,95.3 1 0
frigate-event-manager/internal/adapter/config/config.go:96.2,96.12 1 0
frigate-event-manager/internal/adapter/debughandler/handler.go:17.47,19.2 1 0
frigate-event-manager/internal/adapter/debughandler/handler.go:22.68,32.2 2 0
frigate-event-manager/internal/adapter/homeassistant/notifier.go:27.66,34.2 1 0
frigate-event-manager/internal/adapter/homeassistant/notifier.go:44.69,48.16 3 0
frigate-event-manager/internal/adapter/homeassistant/notifier.go:48.16,50.3 1 0
frigate-event-manager/internal/adapter/homeassistant/notifier.go:52.2,55.16 3 0
frigate-event-manager/internal/adapter/homeassistant/notifier.go:55.16,57.3 1 0
frigate-event-manager/internal/adapter/homeassistant/notifier.go:58.2,62.16 4 0
frigate-event-manager/internal/adapter/homeassistant/notifier.go:62.16,64.3 1 0
frigate-event-manager/internal/adapter/homeassistant/notifier.go:65.2,65.15 1 0
frigate-event-manager/internal/adapter/homeassistant/notifier.go:65.15,65.40 1 0
frigate-event-manager/internal/adapter/homeassistant/notifier.go:67.2,67.28 1 0
frigate-event-manager/internal/adapter/homeassistant/notifier.go:67.28,70.3 2 0
frigate-event-manager/internal/adapter/homeassistant/notifier.go:72.2,72.12 1 0
frigate-event-manager/internal/adapter/homeassistant/notifier.go:76.89,85.17 5 0
frigate-event-manager/internal/adapter/homeassistant/notifier.go:85.17,87.3 1 0
frigate-event-manager/internal/adapter/homeassistant/notifier.go:90.2,101.3 3 0
frigate-event-manager/internal/adapter/homeassistant/notifier.go:107.54,110.31 2 0
frigate-event-manager/internal/adapter/homeassistant/notifier.go:110.31,111.20 1 0
frigate-event-manager/internal/adapter/homeassistant/notifier.go:111.20,113.10 1 0
frigate-event-manager/internal/adapter/homeassistant/notifier.go:116.5,116.27 1 0
frigate-event-manager/internal/adapter/homeassistant/notifier.go:116.27,118.6 1 0
frigate-event-manager/internal/adapter/homeassistant/notifier.go:120.5,121.32 2 0
frigate-event-manager/internal/adapter/homeassistant/notifier.go:121.32,123.6 1 0
frigate-event-manager/internal/adapter/homeassistant/notifier.go:125.5,127.27 2 0
frigate-event-manager/internal/adapter/homeassistant/notifier.go:127.27,129.6 1 0
frigate-event-manager/internal/adapter/homeassistant/notifier.go:131.5,131.17 1 0
frigate-event-manager/internal/adapter/mqtt/handler.go:21.72,23.2 1 3
frigate-event-manager/internal/adapter/mqtt/handler.go:27.51,28.22 1 3
frigate-event-manager/internal/adapter/mqtt/handler.go:28.22,30.6 1 1
frigate-event-manager/internal/adapter/mqtt/handler.go:32.5,33.57 2 2
frigate-event-manager/internal/adapter/mqtt/handler.go:33.57,35.6 1 1
frigate-event-manager/internal/adapter/mqtt/handler.go:37.5,37.45 1 1
frigate-event-manager/internal/adapter/mqtt/subscriber.go:35.133,45.2 1 0
frigate-event-manager/internal/adapter/mqtt/subscriber.go:50.55,52.16 2 0
frigate-event-manager/internal/adapter/mqtt/subscriber.go:52.16,54.3 1 0
frigate-event-manager/internal/adapter/mqtt/subscriber.go:56.2,61.79 1 0
frigate-event-manager/internal/adapter/mqtt/subscriber.go:61.79,70.21 3 0
frigate-event-manager/internal/adapter/mqtt/subscriber.go:70.21,73.5 2 0
frigate-event-manager/internal/adapter/mqtt/subscriber.go:74.4,74.55 1 0
frigate-event-manager/internal/adapter/mqtt/subscriber.go:76.35,78.4 1 0
frigate-event-manager/internal/adapter/mqtt/subscriber.go:82.49,85.76 2 0
frigate-event-manager/internal/adapter/mqtt/subscriber.go:85.76,87.7 1 0
frigate-event-manager/internal/adapter/mqtt/subscriber.go:89.6,89.22 1 0
frigate-event-manager/internal/adapter/mqtt/subscriber.go:96.2,97.16 2 0
frigate-event-manager/internal/adapter/mqtt/subscriber.go:97.16,99.3 1 0
frigate-event-manager/internal/adapter/mqtt/subscriber.go:102.2,102.47 1 0
frigate-event-manager/internal/adapter/mqtt/subscriber.go:102.47,104.3 1 0
frigate-event-manager/internal/adapter/mqtt/subscriber.go:107.2,109.12 3 0
frigate-event-manager/internal/core/filter/chain.go:21.53,23.2 1 0
frigate-event-manager/internal/core/filter/chain.go:26.65,27.33 1 0
frigate-event-manager/internal/core/filter/chain.go:27.33,28.34 1 0
frigate-event-manager/internal/core/filter/chain.go:28.34,30.10 1 0
frigate-event-manager/internal/core/filter/chain.go:32.5,32.16 1 0
frigate-event-manager/internal/core/filter/severity.go:15.58,17.2 1 0
frigate-event-manager/internal/core/filter/severity.go:20.68,21.28 1 0
frigate-event-manager/internal/core/filter/severity.go:21.28,23.6 1 0
frigate-event-manager/internal/core/filter/severity.go:24.5,24.33 1 0
frigate-event-manager/internal/core/filter/severity.go:24.33,25.32 1 0
frigate-event-manager/internal/core/filter/severity.go:25.32,27.10 1 0
frigate-event-manager/internal/core/filter/severity.go:29.5,29.17 1 0
frigate-event-manager/internal/core/processor/processor.go:17.87,22.2 1 0
frigate-event-manager/internal/core/processor/processor.go:27.71,28.80 1 0
frigate-event-manager/internal/core/processor/processor.go:28.80,30.3 1 0
frigate-event-manager/internal/core/processor/processor.go:32.2,32.43 1 0
frigate-event-manager/internal/core/processor/processor.go:32.43,34.3 1 0
frigate-event-manager/internal/core/processor/processor.go:36.2,36.39 1 0
frigate-event-manager/internal/core/throttle/throttle.go:32.99,41.2 1 0
frigate-event-manager/internal/core/throttle/throttle.go:43.70,44.27 1 0
frigate-event-manager/internal/core/throttle/throttle.go:44.27,47.3 2 0
frigate-event-manager/internal/core/throttle/throttle.go:48.2,48.28 1 0
frigate-event-manager/internal/core/throttle/throttle.go:48.28,50.3 1 0
frigate-event-manager/internal/core/throttle/throttle.go:51.2,51.36 1 0
frigate-event-manager/internal/core/throttle/throttle.go:55.40,59.2 3 0
frigate-event-manager/internal/core/throttle/throttle.go:64.68,78.16 8 0
frigate-event-manager/internal/core/throttle/throttle.go:78.16,79.21 1 0
frigate-event-manager/internal/core/throttle/throttle.go:79.21,80.56 1 0
frigate-event-manager/internal/core/throttle/throttle.go:80.56,82.5 1 0
frigate-event-manager/internal/core/throttle/throttle.go:84.8,85.21 1 0
frigate-event-manager/internal/core/throttle/throttle.go:85.21,86.71 1 0
frigate-event-manager/internal/core/throttle/throttle.go:86.71,88.5 1 0
frigate-event-manager/internal/core/throttle/throttle.go:93.2,94.17 2 0
frigate-event-manager/internal/core/throttle/throttle.go:94.17,96.3 1 0
frigate-event-manager/internal/core/throttle/throttle.go:98.2,98.13 1 0
frigate-event-manager/internal/core/throttle/throttle.go:104.49,105.33 1 0
frigate-event-manager/internal/core/throttle/throttle.go:105.33,106.28 1 0
frigate-event-manager/internal/core/throttle/throttle.go:106.28,108.4 1 0
frigate-event-manager/internal/adapter/config/config.go:36.37,38.2 1 0
frigate-event-manager/internal/adapter/config/config.go:40.41,42.16 2 0
frigate-event-manager/internal/adapter/config/config.go:42.16,44.3 1 0
frigate-event-manager/internal/adapter/config/config.go:46.2,47.51 2 0
frigate-event-manager/internal/adapter/config/config.go:47.51,49.3 1 0
frigate-event-manager/internal/adapter/config/config.go:51.2,54.39 3 0
frigate-event-manager/internal/adapter/config/config.go:54.39,56.3 1 0
frigate-event-manager/internal/adapter/config/config.go:58.2,58.18 1 0
frigate-event-manager/internal/adapter/config/config.go:61.38,62.46 1 0
frigate-event-manager/internal/adapter/config/config.go:62.46,64.3 1 0
frigate-event-manager/internal/adapter/config/config.go:65.2,65.46 1 0
frigate-event-manager/internal/adapter/config/config.go:65.46,67.3 1 0
frigate-event-manager/internal/adapter/config/config.go:68.2,68.49 1 0
frigate-event-manager/internal/adapter/config/config.go:68.49,70.3 1 0
frigate-event-manager/internal/adapter/config/config.go:73.34,74.23 1 0
frigate-event-manager/internal/adapter/config/config.go:74.23,76.3 1 0
frigate-event-manager/internal/adapter/config/config.go:77.2,77.26 1 0
frigate-event-manager/internal/adapter/config/config.go:77.26,79.3 1 0
frigate-event-manager/internal/adapter/config/config.go:80.2,80.21 1 0
frigate-event-manager/internal/adapter/config/config.go:80.21,82.3 1 0
frigate-event-manager/internal/adapter/config/config.go:83.2,83.21 1 0
frigate-event-manager/internal/adapter/config/config.go:83.21,85.3 1 0
frigate-event-manager/internal/adapter/config/config.go:86.2,86.16 1 0
frigate-event-manager/internal/adapter/config/config.go:86.16,88.3 1 0
frigate-event-manager/internal/adapter/config/config.go:89.2,89.40 1 0
frigate-event-manager/internal/adapter/config/config.go:92.35,93.27 1 0
frigate-event-manager/internal/adapter/config/config.go:93.27,95.3 1 0
frigate-event-manager/internal/adapter/config/config.go:96.2,96.12 1 0
frigate-event-manager/internal/adapter/debughandler/handler.go:17.47,19.2 1 0
frigate-event-manager/internal/adapter/debughandler/handler.go:22.68,32.2 2 0
frigate-event-manager/internal/adapter/homeassistant/notifier.go:27.66,34.2 1 0
frigate-event-manager/internal/adapter/homeassistant/notifier.go:44.69,48.16 3 0
frigate-event-manager/internal/adapter/homeassistant/notifier.go:48.16,50.3 1 0
frigate-event-manager/internal/adapter/homeassistant/notifier.go:52.2,55.16 3 0
frigate-event-manager/internal/adapter/homeassistant/notifier.go:55.16,57.3 1 0
frigate-event-manager/internal/adapter/homeassistant/notifier.go:58.2,62.16 4 0
frigate-event-manager/internal/adapter/homeassistant/notifier.go:62.16,64.3 1 0
frigate-event-manager/internal/adapter/homeassistant/notifier.go:65.2,65.15 1 0
frigate-event-manager/internal/adapter/homeassistant/notifier.go:65.15,65.40 1 0
frigate-event-manager/internal/adapter/homeassistant/notifier.go:67.2,67.28 1 0
frigate-event-manager/internal/adapter/homeassistant/notifier.go:67.28,70.3 2 0
frigate-event-manager/internal/adapter/homeassistant/notifier.go:72.2,72.12 1 0
frigate-event-manager/internal/adapter/homeassistant/notifier.go:76.89,85.17 5 0
frigate-event-manager/internal/adapter/homeassistant/notifier.go:85.17,87.3 1 0
frigate-event-manager/internal/adapter/homeassistant/notifier.go:90.2,101.3 3 0
frigate-event-manager/internal/adapter/homeassistant/notifier.go:107.54,110.31 2 0
frigate-event-manager/internal/adapter/homeassistant/notifier.go:110.31,111.20 1 0
frigate-event-manager/internal/adapter/homeassistant/notifier.go:111.20,113.10 1 0
frigate-event-manager/internal/adapter/homeassistant/notifier.go:116.5,116.27 1 0
frigate-event-manager/internal/adapter/homeassistant/notifier.go:116.27,118.6 1 0
frigate-event-manager/internal/adapter/homeassistant/notifier.go:120.5,121.32 2 0
frigate-event-manager/internal/adapter/homeassistant/notifier.go:121.32,123.6 1 0
frigate-event-manager/internal/adapter/homeassistant/notifier.go:125.5,127.27 2 0
frigate-event-manager/internal/adapter/homeassistant/notifier.go:127.27,129.6 1 0
frigate-event-manager/internal/adapter/homeassistant/notifier.go:131.5,131.17 1 0
frigate-event-manager/internal/adapter/mqtt/handler.go:21.72,23.2 1 0
frigate-event-manager/internal/adapter/mqtt/handler.go:27.51,28.22 1 0
frigate-event-manager/internal/adapter/mqtt/handler.go:28.22,30.6 1 0
frigate-event-manager/internal/adapter/mqtt/handler.go:32.5,33.57 2 0
frigate-event-manager/internal/adapter/mqtt/handler.go:33.57,35.6 1 0
frigate-event-manager/internal/adapter/mqtt/handler.go:37.5,37.45 1 0
frigate-event-manager/internal/adapter/mqtt/subscriber.go:35.133,45.2 1 0
frigate-event-manager/internal/adapter/mqtt/subscriber.go:50.55,52.16 2 0
frigate-event-manager/internal/adapter/mqtt/subscriber.go:52.16,54.3 1 0
frigate-event-manager/internal/adapter/mqtt/subscriber.go:56.2,61.79 1 0
frigate-event-manager/internal/adapter/mqtt/subscriber.go:61.79,70.21 3 0
frigate-event-manager/internal/adapter/mqtt/subscriber.go:70.21,73.5 2 0
frigate-event-manager/internal/adapter/mqtt/subscriber.go:74.4,74.55 1 0
frigate-event-manager/internal/adapter/mqtt/subscriber.go:76.35,78.4 1 0
frigate-event-manager/internal/adapter/mqtt/subscriber.go:82.49,85.76 2 0
frigate-event-manager/internal/adapter/mqtt/subscriber.go:85.76,87.7 1 0
frigate-event-manager/internal/adapter/mqtt/subscriber.go:89.6,89.22 1 0
frigate-event-manager/internal/adapter/mqtt/subscriber.go:96.2,97.16 2 0
frigate-event-manager/internal/adapter/mqtt/subscriber.go:97.16,99.3 1 0
frigate-event-manager/internal/adapter/mqtt/subscriber.go:102.2,102.47 1 0
frigate-event-manager/internal/adapter/mqtt/subscriber.go:102.47,104.3 1 0
frigate-event-manager/internal/adapter/mqtt/subscriber.go:107.2,109.12 3 0
frigate-event-manager/internal/core/filter/chain.go:21.53,23.2 1 8
frigate-event-manager/internal/core/filter/chain.go:26.65,27.33 1 7
frigate-event-manager/internal/core/filter/chain.go:27.33,28.34 1 4
frigate-event-manager/internal/core/filter/chain.go:28.34,30.10 1 2
frigate-event-manager/internal/core/filter/chain.go:32.5,32.16 1 5
frigate-event-manager/internal/core/filter/severity.go:15.58,17.2 1 4
frigate-event-manager/internal/core/filter/severity.go:20.68,21.28 1 4
frigate-event-manager/internal/core/filter/severity.go:21.28,23.6 1 0
frigate-event-manager/internal/core/filter/severity.go:24.5,24.33 1 4
frigate-event-manager/internal/core/filter/severity.go:24.33,25.32 1 4
frigate-event-manager/internal/core/filter/severity.go:25.32,27.10 1 2
frigate-event-manager/internal/core/filter/severity.go:29.5,29.17 1 2
frigate-event-manager/internal/core/processor/processor.go:17.87,22.2 1 8
frigate-event-manager/internal/core/processor/processor.go:27.71,28.80 1 8
frigate-event-manager/internal/core/processor/processor.go:28.80,30.3 1 1
frigate-event-manager/internal/core/processor/processor.go:32.2,32.43 1 7
frigate-event-manager/internal/core/processor/processor.go:32.43,34.3 1 2
frigate-event-manager/internal/core/processor/processor.go:36.2,36.39 1 5
frigate-event-manager/internal/core/throttle/throttle.go:32.99,41.2 1 0
frigate-event-manager/internal/core/throttle/throttle.go:43.70,44.27 1 0
frigate-event-manager/internal/core/throttle/throttle.go:44.27,47.3 2 0
frigate-event-manager/internal/core/throttle/throttle.go:48.2,48.28 1 0
frigate-event-manager/internal/core/throttle/throttle.go:48.28,50.3 1 0
frigate-event-manager/internal/core/throttle/throttle.go:51.2,51.36 1 0
frigate-event-manager/internal/core/throttle/throttle.go:55.40,59.2 3 0
frigate-event-manager/internal/core/throttle/throttle.go:64.68,78.16 8 0
frigate-event-manager/internal/core/throttle/throttle.go:78.16,79.21 1 0
frigate-event-manager/internal/core/throttle/throttle.go:79.21,80.56 1 0
frigate-event-manager/internal/core/throttle/throttle.go:80.56,82.5 1 0
frigate-event-manager/internal/core/throttle/throttle.go:84.8,85.21 1 0
frigate-event-manager/internal/core/throttle/throttle.go:85.21,86.71 1 0
frigate-event-manager/internal/core/throttle/throttle.go:86.71,88.5 1 0
frigate-event-manager/internal/core/throttle/throttle.go:93.2,94.17 2 0
frigate-event-manager/internal/core/throttle/throttle.go:94.17,96.3 1 0
frigate-event-manager/internal/core/throttle/throttle.go:98.2,98.13 1 0
frigate-event-manager/internal/core/throttle/throttle.go:104.49,105.33 1 0
frigate-event-manager/internal/core/throttle/throttle.go:105.33,106.28 1 0
frigate-event-manager/internal/core/throttle/throttle.go:106.28,108.4 1 0
frigate-event-manager/internal/adapter/config/config.go:36.37,38.2 1 0
frigate-event-manager/internal/adapter/config/config.go:40.41,42.16 2 0
frigate-event-manager/internal/adapter/config/config.go:42.16,44.3 1 0
frigate-event-manager/internal/adapter/config/config.go:46.2,47.51 2 0
frigate-event-manager/internal/adapter/config/config.go:47.51,49.3 1 0
frigate-event-manager/internal/adapter/config/config.go:51.2,54.39 3 0
frigate-event-manager/internal/adapter/config/config.go:54.39,56.3 1 0
frigate-event-manager/internal/adapter/config/config.go:58.2,58.18 1 0
frigate-event-manager/internal/adapter/config/config.go:61.38,62.46 1 0
frigate-event-manager/internal/adapter/config/config.go:62.46,64.3 1 0
frigate-event-manager/internal/adapter/config/config.go:65.2,65.46 1 0
frigate-event-manager/internal/adapter/config/config.go:65.46,67.3 1 0
frigate-event-manager/internal/adapter/config/config.go:68.2,68.49 1 0
frigate-event-manager/internal/adapter/config/config.go:68.49,70.3 1 0
frigate-event-manager/internal/adapter/config/config.go:73.34,74.23 1 0
frigate-event-manager/internal/adapter/config/config.go:74.23,76.3 1 0
frigate-event-manager/internal/adapter/config/config.go:77.2,77.26 1 0
frigate-event-manager/internal/adapter/config/config.go:77.26,79.3 1 0
frigate-event-manager/internal/adapter/config/config.go:80.2,80.21 1 0
frigate-event-manager/internal/adapter/config/config.go:80.21,82.3 1 0
frigate-event-manager/internal/adapter/config/config.go:83.2,83.21 1 0
frigate-event-manager/internal/adapter/config/config.go:83.21,85.3 1 0
frigate-event-manager/internal/adapter/config/config.go:86.2,86.16 1 0
frigate-event-manager/internal/adapter/config/config.go:86.16,88.3 1 0
frigate-event-manager/internal/adapter/config/config.go:89.2,89.40 1 0
frigate-event-manager/internal/adapter/config/config.go:92.35,93.27 1 0
frigate-event-manager/internal/adapter/config/config.go:93.27,95.3 1 0
frigate-event-manager/internal/adapter/config/config.go:96.2,96.12 1 0
frigate-event-manager/internal/adapter/debughandler/handler.go:17.47,19.2 1 0
frigate-event-manager/internal/adapter/debughandler/handler.go:22.68,32.2 2 0
frigate-event-manager/internal/adapter/homeassistant/notifier.go:27.66,34.2 1 0
frigate-event-manager/internal/adapter/homeassistant/notifier.go:44.69,48.16 3 0
frigate-event-manager/internal/adapter/homeassistant/notifier.go:48.16,50.3 1 0
frigate-event-manager/internal/adapter/homeassistant/notifier.go:52.2,55.16 3 0
frigate-event-manager/internal/adapter/homeassistant/notifier.go:55.16,57.3 1 0
frigate-event-manager/internal/adapter/homeassistant/notifier.go:58.2,62.16 4 0
frigate-event-manager/internal/adapter/homeassistant/notifier.go:62.16,64.3 1 0
frigate-event-manager/internal/adapter/homeassistant/notifier.go:65.2,65.15 1 0
frigate-event-manager/internal/adapter/homeassistant/notifier.go:65.15,65.40 1 0
frigate-event-manager/internal/adapter/homeassistant/notifier.go:67.2,67.28 1 0
frigate-event-manager/internal/adapter/homeassistant/notifier.go:67.28,70.3 2 0
frigate-event-manager/internal/adapter/homeassistant/notifier.go:72.2,72.12 1 0
frigate-event-manager/internal/adapter/homeassistant/notifier.go:76.89,85.17 5 0
frigate-event-manager/internal/adapter/homeassistant/notifier.go:85.17,87.3 1 0
frigate-event-manager/internal/adapter/homeassistant/notifier.go:90.2,101.3 3 0
frigate-event-manager/internal/adapter/homeassistant/notifier.go:107.54,110.31 2 0
frigate-event-manager/internal/adapter/homeassistant/notifier.go:110.31,111.20 1 0
frigate-event-manager/internal/adapter/homeassistant/notifier.go:111.20,113.10 1 0
frigate-event-manager/internal/adapter/homeassistant/notifier.go:116.5,116.27 1 0
frigate-event-manager/internal/adapter/homeassistant/notifier.go:116.27,118.6 1 0
frigate-event-manager/internal/adapter/homeassistant/notifier.go:120.5,121.32 2 0
frigate-event-manager/internal/adapter/homeassistant/notifier.go:121.32,123.6 1 0
frigate-event-manager/internal/adapter/homeassistant/notifier.go:125.5,127.27 2 0
frigate-event-manager/internal/adapter/homeassistant/notifier.go:127.27,129.6 1 0
frigate-event-manager/internal/adapter/homeassistant/notifier.go:131.5,131.17 1 0
frigate-event-manager/internal/adapter/mqtt/handler.go:21.72,23.2 1 0
frigate-event-manager/internal/adapter/mqtt/handler.go:27.51,28.22 1 0
frigate-event-manager/internal/adapter/mqtt/handler.go:28.22,30.6 1 0
frigate-event-manager/internal/adapter/mqtt/handler.go:32.5,33.57 2 0
frigate-event-manager/internal/adapter/mqtt/handler.go:33.57,35.6 1 0
frigate-event-manager/internal/adapter/mqtt/handler.go:37.5,37.45 1 0
frigate-event-manager/internal/adapter/mqtt/subscriber.go:35.133,45.2 1 0
frigate-event-manager/internal/adapter/mqtt/subscriber.go:50.55,52.16 2 0
frigate-event-manager/internal/adapter/mqtt/subscriber.go:52.16,54.3 1 0
frigate-event-manager/internal/adapter/mqtt/subscriber.go:56.2,61.79 1 0
frigate-event-manager/internal/adapter/mqtt/subscriber.go:61.79,70.21 3 0
frigate-event-manager/internal/adapter/mqtt/subscriber.go:70.21,73.5 2 0
frigate-event-manager/internal/adapter/mqtt/subscriber.go:74.4,74.55 1 0
frigate-event-manager/internal/adapter/mqtt/subscriber.go:76.35,78.4 1 0
frigate-event-manager/internal/adapter/mqtt/subscriber.go:82.49,85.76 2 0
frigate-event-manager/internal/adapter/mqtt/subscriber.go:85.76,87.7 1 0
frigate-event-manager/internal/adapter/mqtt/subscriber.go:89.6,89.22 1 0
frigate-event-manager/internal/adapter/mqtt/subscriber.go:96.2,97.16 2 0
frigate-event-manager/internal/adapter/mqtt/subscriber.go:97.16,99.3 1 0
frigate-event-manager/internal/adapter/mqtt/subscriber.go:102.2,102.47 1 0
frigate-event-manager/internal/adapter/mqtt/subscriber.go:102.47,104.3 1 0
frigate-event-manager/internal/adapter/mqtt/subscriber.go:107.2,109.12 3 0
frigate-event-manager/internal/core/filter/chain.go:21.53,23.2 1 0
frigate-event-manager/internal/core/filter/chain.go:26.65,27.33 1 0
frigate-event-manager/internal/core/filter/chain.go:27.33,28.34 1 0
frigate-event-manager/internal/core/filter/chain.go:28.34,30.10 1 0
frigate-event-manager/internal/core/filter/chain.go:32.5,32.16 1 0
frigate-event-manager/internal/core/filter/severity.go:15.58,17.2 1 0
frigate-event-manager/internal/core/filter/severity.go:20.68,21.28 1 0
frigate-event-manager/internal/core/filter/severity.go:21.28,23.6 1 0
frigate-event-manager/internal/core/filter/severity.go:24.5,24.33 1 0
frigate-event-manager/internal/core/filter/severity.go:24.33,25.32 1 0
frigate-event-manager/internal/core/filter/severity.go:25.32,27.10 1 0
frigate-event-manager/internal/core/filter/severity.go:29.5,29.17 1 0
frigate-event-manager/internal/core/processor/processor.go:17.87,22.2 1 0
frigate-event-manager/internal/core/processor/processor.go:27.71,28.80 1 0
frigate-event-manager/internal/core/processor/processor.go:28.80,30.3 1 0
frigate-event-manager/internal/core/processor/processor.go:32.2,32.43 1 0
frigate-event-manager/internal/core/processor/processor.go:32.43,34.3 1 0
frigate-event-manager/internal/core/processor/processor.go:36.2,36.39 1 0
frigate-event-manager/internal/core/throttle/throttle.go:32.99,41.2 1 12
frigate-event-manager/internal/core/throttle/throttle.go:43.70,44.27 1 25
frigate-event-manager/internal/core/throttle/throttle.go:44.27,47.3 2 3
frigate-event-manager/internal/core/throttle/throttle.go:48.2,48.28 1 22
frigate-event-manager/internal/core/throttle/throttle.go:48.28,50.3 1 2
frigate-event-manager/internal/core/throttle/throttle.go:51.2,51.36 1 20
frigate-event-manager/internal/core/throttle/throttle.go:55.40,59.2 3 3
frigate-event-manager/internal/core/throttle/throttle.go:64.68,78.16 8 22
frigate-event-manager/internal/core/throttle/throttle.go:78.16,79.21 1 5
frigate-event-manager/internal/core/throttle/throttle.go:79.21,80.56 1 4
frigate-event-manager/internal/core/throttle/throttle.go:80.56,82.5 1 1
frigate-event-manager/internal/core/throttle/throttle.go:84.8,85.21 1 17
frigate-event-manager/internal/core/throttle/throttle.go:85.21,86.71 1 13
frigate-event-manager/internal/core/throttle/throttle.go:86.71,88.5 1 1
frigate-event-manager/internal/core/throttle/throttle.go:93.2,94.17 2 20
frigate-event-manager/internal/core/throttle/throttle.go:94.17,96.3 1 16
frigate-event-manager/internal/core/throttle/throttle.go:98.2,98.13 1 20
frigate-event-manager/internal/core/throttle/throttle.go:104.49,105.33 1 22
frigate-event-manager/internal/core/throttle/throttle.go:105.33,106.28 1 10
frigate-event-manager/internal/core/throttle/throttle.go:106.28,108.4 1 1
frigate-event-manager/internal/adapter/config/config.go:36.37,38.2 1 0
frigate-event-manager/internal/adapter/config/config.go:40.41,42.16 2 0
frigate-event-manager/internal/adapter/config/config.go:42.16,44.3 1 0
frigate-event-manager/internal/adapter/config/config.go:46.2,47.51 2 0
frigate-event-manager/internal/adapter/config/config.go:47.51,49.3 1 0
frigate-event-manager/internal/adapter/config/config.go:51.2,54.39 3 0
frigate-event-manager/internal/adapter/config/config.go:54.39,56.3 1 0
frigate-event-manager/internal/adapter/config/config.go:58.2,58.18 1 0
frigate-event-manager/internal/adapter/config/config.go:61.38,62.46 1 0
frigate-event-manager/internal/adapter/config/config.go:62.46,64.3 1 0
frigate-event-manager/internal/adapter/config/config.go:65.2,65.46 1 0
frigate-event-manager/internal/adapter/config/config.go:65.46,67.3 1 0
frigate-event-manager/internal/adapter/config/config.go:68.2,68.49 1 0
frigate-event-manager/internal/adapter/config/config.go:68.49,70.3 1 0
frigate-event-manager/internal/adapter/config/config.go:73.34,74.23 1 0
frigate-event-manager/internal/adapter/config/config.go:74.23,76.3 1 0
frigate-event-manager/internal/adapter/config/config.go:77.2,77.26 1 0
frigate-event-manager/internal/adapter/config/config.go:77.26,79.3 1 0
frigate-event-manager/internal/adapter/config/config.go:80.2,80.21 1 0
frigate-event-manager/internal/adapter/config/config.go:80.21,82.3 1 0
frigate-event-manager/internal/adapter/config/config.go:83.2,83.21 1 0
frigate-event-manager/internal/adapter/config/config.go:83.21,85.3 1 0
frigate-event-manager/internal/adapter/config/config.go:86.2,86.16 1 0
frigate-event-manager/internal/adapter/config/config.go:86.16,88.3 1 0
frigate-event-manager/internal/adapter/config/config.go:89.2,89.40 1 0
frigate-event-manager/internal/adapter/config/config.go:92.35,93.27 1 0
frigate-event-manager/internal/adapter/config/config.go:93.27,95.3 1 0
frigate-event-manager/internal/adapter/config/config.go:96.2,96.12 1 0
frigate-event-manager/internal/adapter/debughandler/handler.go:17.47,19.2 1 0
frigate-event-manager/internal/adapter/debughandler/handler.go:22.68,32.2 2 0
frigate-event-manager/internal/adapter/homeassistant/notifier.go:27.66,34.2 1 0
frigate-event-manager/internal/adapter/homeassistant/notifier.go:44.69,48.16 3 0
frigate-event-manager/internal/adapter/homeassistant/notifier.go:48.16,50.3 1 0
frigate-event-manager/internal/adapter/homeassistant/notifier.go:52.2,55.16 3 0
frigate-event-manager/internal/adapter/homeassistant/notifier.go:55.16,57.3 1 0
frigate-event-manager/internal/adapter/homeassistant/notifier.go:58.2,62.16 4 0
frigate-event-manager/internal/adapter/homeassistant/notifier.go:62.16,64.3 1 0
frigate-event-manager/internal/adapter/homeassistant/notifier.go:65.2,65.15 1 0
frigate-event-manager/internal/adapter/homeassistant/notifier.go:65.15,65.40 1 0
frigate-event-manager/internal/adapter/homeassistant/notifier.go:67.2,67.28 1 0
frigate-event-manager/internal/adapter/homeassistant/notifier.go:67.28,70.3 2 0
frigate-event-manager/internal/adapter/homeassistant/notifier.go:72.2,72.12 1 0
frigate-event-manager/internal/adapter/homeassistant/notifier.go:76.89,85.17 5 0
frigate-event-manager/internal/adapter/homeassistant/notifier.go:85.17,87.3 1 0
frigate-event-manager/internal/adapter/homeassistant/notifier.go:90.2,101.3 3 0
frigate-event-manager/internal/adapter/homeassistant/notifier.go:107.54,110.31 2 0
frigate-event-manager/internal/adapter/homeassistant/notifier.go:110.31,111.20 1 0
frigate-event-manager/internal/adapter/homeassistant/notifier.go:111.20,113.10 1 0
frigate-event-manager/internal/adapter/homeassistant/notifier.go:116.5,116.27 1 0
frigate-event-manager/internal/adapter/homeassistant/notifier.go:116.27,118.6 1 0
frigate-event-manager/internal/adapter/homeassistant/notifier.go:120.5,121.32 2 0
frigate-event-manager/internal/adapter/homeassistant/notifier.go:121.32,123.6 1 0
frigate-event-manager/internal/adapter/homeassistant/notifier.go:125.5,127.27 2 0
frigate-event-manager/internal/adapter/homeassistant/notifier.go:127.27,129.6 1 0
frigate-event-manager/internal/adapter/homeassistant/notifier.go:131.5,131.17 1 0
frigate-event-manager/internal/adapter/mqtt/handler.go:21.72,23.2 1 0
frigate-event-manager/internal/adapter/mqtt/handler.go:27.51,28.22 1 0
frigate-event-manager/internal/adapter/mqtt/handler.go:28.22,30.6 1 0
frigate-event-manager/internal/adapter/mqtt/handler.go:32.5,33.57 2 0
frigate-event-manager/internal/adapter/mqtt/handler.go:33.57,35.6 1 0
frigate-event-manager/internal/adapter/mqtt/handler.go:37.5,37.45 1 0
frigate-event-manager/internal/adapter/mqtt/subscriber.go:35.133,45.2 1 0
frigate-event-manager/internal/adapter/mqtt/subscriber.go:50.55,52.16 2 0
frigate-event-manager/internal/adapter/mqtt/subscriber.go:52.16,54.3 1 0
frigate-event-manager/internal/adapter/mqtt/subscriber.go:56.2,61.79 1 0
frigate-event-manager/internal/adapter/mqtt/subscriber.go:61.79,70.21 3 0
frigate-event-manager/internal/adapter/mqtt/subscriber.go:70.21,73.5 2 0
frigate-event-manager/internal/adapter/mqtt/subscriber.go:74.4,74.55 1 0
frigate-event-manager/internal/adapter/mqtt/subscriber.go:76.35,78.4 1 0
frigate-event-manager/internal/adapter/mqtt/subscriber.go:82.49,85.76 2 0
frigate-event-manager/internal/adapter/mqtt/subscriber.go:85.76,87.7 1 0
frigate-event-manager/internal/adapter/mqtt/subscriber.go:89.6,89.22 1 0
frigate-event-manager/internal/adapter/mqtt/subscriber.go:96.2,97.16 2 0
frigate-event-manager/internal/adapter/mqtt/subscriber.go:97.16,99.3 1 0
frigate-event-manager/internal/adapter/mqtt/subscriber.go:102.2,102.47 1 0
frigate-event-manager/internal/adapter/mqtt/subscriber.go:102.47,104.3 1 0
frigate-event-manager/internal/adapter/mqtt/subscriber.go:107.2,109.12 3 0
frigate-event-manager/internal/core/filter/chain.go:21.53,23.2 1 4
frigate-event-manager/internal/core/filter/chain.go:26.65,27.33 1 4
frigate-event-manager/internal/core/filter/chain.go:27.33,28.34 1 5
frigate-event-manager/internal/core/filter/chain.go:28.34,30.10 1 2
frigate-event-manager/internal/core/filter/chain.go:32.5,32.16 1 2
frigate-event-manager/internal/core/filter/severity.go:15.58,17.2 1 5
frigate-event-manager/internal/core/filter/severity.go:20.68,21.28 1 7
frigate-event-manager/internal/core/filter/severity.go:21.28,23.6 1 2
frigate-event-manager/internal/core/filter/severity.go:24.5,24.33 1 5
frigate-event-manager/internal/core/filter/severity.go:24.33,25.32 1 6
frigate-event-manager/internal/core/filter/severity.go:25.32,27.10 1 3
frigate-event-manager/internal/core/filter/severity.go:29.5,29.17 1 2
frigate-event-manager/internal/core/processor/processor.go:17.87,22.2 1 0
frigate-event-manager/internal/core/processor/processor.go:27.71,28.80 1 0
frigate-event-manager/internal/core/processor/processor.go:28.80,30.3 1 0
frigate-event-manager/internal/core/processor/processor.go:32.2,32.43 1 0
frigate-event-manager/internal/core/processor/processor.go:32.43,34.3 1 0
frigate-event-manager/internal/core/processor/processor.go:36.2,36.39 1 0
frigate-event-manager/internal/core/throttle/throttle.go:32.99,41.2 1 0
frigate-event-manager/internal/core/throttle/throttle.go:43.70,44.27 1 0
frigate-event-manager/internal/core/throttle/throttle.go:44.27,47.3 2 0
frigate-event-manager/internal/core/throttle/throttle.go:48.2,48.28 1 0
frigate-event-manager/internal/core/throttle/throttle.go:48.28,50.3 1 0
frigate-event-manager/internal/core/throttle/throttle.go:51.2,51.36 1 0
frigate-event-manager/internal/core/throttle/throttle.go:55.40,59.2 3 0
frigate-event-manager/internal/core/throttle/throttle.go:64.68,78.16 8 0
frigate-event-manager/internal/core/throttle/throttle.go:78.16,79.21 1 0
frigate-event-manager/internal/core/throttle/throttle.go:79.21,80.56 1 0
frigate-event-manager/internal/core/throttle/throttle.go:80.56,82.5 1 0
frigate-event-manager/internal/core/throttle/throttle.go:84.8,85.21 1 0
frigate-event-manager/internal/core/throttle/throttle.go:85.21,86.71 1 0
frigate-event-manager/internal/core/throttle/throttle.go:86.71,88.5 1 0
frigate-event-manager/internal/core/throttle/throttle.go:93.2,94.17 2 0
frigate-event-manager/internal/core/throttle/throttle.go:94.17,96.3 1 0
frigate-event-manager/internal/core/throttle/throttle.go:98.2,98.13 1 0
frigate-event-manager/internal/core/throttle/throttle.go:104.49,105.33 1 0
frigate-event-manager/internal/core/throttle/throttle.go:105.33,106.28 1 0
frigate-event-manager/internal/core/throttle/throttle.go:106.28,108.4 1 0
frigate-event-manager/internal/adapter/config/config.go:36.37,38.2 1 0
frigate-event-manager/internal/adapter/config/config.go:40.41,42.16 2 0
frigate-event-manager/internal/adapter/config/config.go:42.16,44.3 1 0
frigate-event-manager/internal/adapter/config/config.go:46.2,47.51 2 0
frigate-event-manager/internal/adapter/config/config.go:47.51,49.3 1 0
frigate-event-manager/internal/adapter/config/config.go:51.2,54.39 3 0
frigate-event-manager/internal/adapter/config/config.go:54.39,56.3 1 0
frigate-event-manager/internal/adapter/config/config.go:58.2,58.18 1 0
frigate-event-manager/internal/adapter/config/config.go:61.38,62.46 1 0
frigate-event-manager/internal/adapter/config/config.go:62.46,64.3 1 0
frigate-event-manager/internal/adapter/config/config.go:65.2,65.46 1 0
frigate-event-manager/internal/adapter/config/config.go:65.46,67.3 1 0
frigate-event-manager/internal/adapter/config/config.go:68.2,68.49 1 0
frigate-event-manager/internal/adapter/config/config.go:68.49,70.3 1 0
frigate-event-manager/internal/adapter/config/config.go:73.34,74.23 1 0
frigate-event-manager/internal/adapter/config/config.go:74.23,76.3 1 0
frigate-event-manager/internal/adapter/config/config.go:77.2,77.26 1 0
frigate-event-manager/internal/adapter/config/config.go:77.26,79.3 1 0
frigate-event-manager/internal/adapter/config/config.go:80.2,80.21 1 0
frigate-event-manager/internal/adapter/config/config.go:80.21,82.3 1 0
frigate-event-manager/internal/adapter/config/config.go:83.2,83.21 1 0
frigate-event-manager/internal/adapter/config/config.go:83.21,85.3 1 0
frigate-event-manager/internal/adapter/config/config.go:86.2,86.16 1 0
frigate-event-manager/internal/adapter/config/config.go:86.16,88.3 1 0
frigate-event-manager/internal/adapter/config/config.go:89.2,89.40 1 0
frigate-event-manager/internal/adapter/config/config.go:92.35,93.27 1 0
frigate-event-manager/internal/adapter/config/config.go:93.27,95.3 1 0
frigate-event-manager/internal/adapter/config/config.go:96.2,96.12 1 0
frigate-event-manager/internal/adapter/debughandler/handler.go:17.47,19.2 1 0
frigate-event-manager/internal/adapter/debughandler/handler.go:22.68,32.2 2 0
frigate-event-manager/internal/adapter/homeassistant/notifier.go:27.66,34.2 1 0
frigate-event-manager/internal/adapter/homeassistant/notifier.go:44.69,48.16 3 0
frigate-event-manager/internal/adapter/homeassistant/notifier.go:48.16,50.3 1 0
frigate-event-manager/internal/adapter/homeassistant/notifier.go:52.2,55.16 3 0
frigate-event-manager/internal/adapter/homeassistant/notifier.go:55.16,57.3 1 0
frigate-event-manager/internal/adapter/homeassistant/notifier.go:58.2,62.16 4 0
frigate-event-manager/internal/adapter/homeassistant/notifier.go:62.16,64.3 1 0
frigate-event-manager/internal/adapter/homeassistant/notifier.go:65.2,65.15 1 0
frigate-event-manager/internal/adapter/homeassistant/notifier.go:65.15,65.40 1 0
frigate-event-manager/internal/adapter/homeassistant/notifier.go:67.2,67.28 1 0
frigate-event-manager/internal/adapter/homeassistant/notifier.go:67.28,70.3 2 0
frigate-event-manager/internal/adapter/homeassistant/notifier.go:72.2,72.12 1 0
frigate-event-manager/internal/adapter/homeassistant/notifier.go:76.89,85.17 5 0
frigate-event-manager/internal/adapter/homeassistant/notifier.go:85.17,87.3 1 0
frigate-event-manager/internal/adapter/homeassistant/notifier.go:90.2,101.3 3 0
frigate-event-manager/internal/adapter/homeassistant/notifier.go:107.54,110.31 2 0
frigate-event-manager/internal/adapter/homeassistant/notifier.go:110.31,111.20 1 0
frigate-event-manager/internal/adapter/homeassistant/notifier.go:111.20,113.10 1 0
frigate-event-manager/internal/adapter/homeassistant/notifier.go:116.5,116.27 1 0
frigate-event-manager/internal/adapter/homeassistant/notifier.go:116.27,118.6 1 0
frigate-event-manager/internal/adapter/homeassistant/notifier.go:120.5,121.32 2 0
frigate-event-manager/internal/adapter/homeassistant/notifier.go:121.32,123.6 1 0
frigate-event-manager/internal/adapter/homeassistant/notifier.go:125.5,127.27 2 0
frigate-event-manager/internal/adapter/homeassistant/notifier.go:127.27,129.6 1 0
frigate-event-manager/internal/adapter/homeassistant/notifier.go:131.5,131.17 1 0
frigate-event-manager/internal/adapter/mqtt/handler.go:21.72,23.2 1 0
frigate-event-manager/internal/adapter/mqtt/handler.go:27.51,28.22 1 0
frigate-event-manager/internal/adapter/mqtt/handler.go:28.22,30.6 1 0
frigate-event-manager/internal/adapter/mqtt/handler.go:32.5,33.57 2 0
frigate-event-manager/internal/adapter/mqtt/handler.go:33.57,35.6 1 0
frigate-event-manager/internal/adapter/mqtt/handler.go:37.5,37.45 1 0
frigate-event-manager/internal/adapter/mqtt/subscriber.go:35.133,45.2 1 0
frigate-event-manager/internal/adapter/mqtt/subscriber.go:50.55,52.16 2 0
frigate-event-manager/internal/adapter/mqtt/subscriber.go:52.16,54.3 1 0
frigate-event-manager/internal/adapter/mqtt/subscriber.go:56.2,61.79 1 0
frigate-event-manager/internal/adapter/mqtt/subscriber.go:61.79,70.21 3 0
frigate-event-manager/internal/adapter/mqtt/subscriber.go:70.21,73.5 2 0
frigate-event-manager/internal/adapter/mqtt/subscriber.go:74.4,74.55 1 0
frigate-event-manager/internal/adapter/mqtt/subscriber.go:76.35,78.4 1 0
frigate-event-manager/internal/adapter/mqtt/subscriber.go:82.49,85.76 2 0
frigate-event-manager/internal/adapter/mqtt/subscriber.go:85.76,87.7 1 0
frigate-event-manager/internal/adapter/mqtt/subscriber.go:89.6,89.22 1 0
frigate-event-manager/internal/adapter/mqtt/subscriber.go:96.2,97.16 2 0
frigate-event-manager/internal/adapter/mqtt/subscriber.go:97.16,99.3 1 0
frigate-event-manager/internal/adapter/mqtt/subscriber.go:102.2,102.47 1 0
frigate-event-manager/internal/adapter/mqtt/subscriber.go:102.47,104.3 1 0
frigate-event-manager/internal/adapter/mqtt/subscriber.go:107.2,109.12 3 0
frigate-event-manager/internal/core/filter/chain.go:21.53,23.2 1 0
frigate-event-manager/internal/core/filter/chain.go:26.65,27.33 1 0
frigate-event-manager/internal/core/filter/chain.go:27.33,28.34 1 0
frigate-event-manager/internal/core/filter/chain.go:28.34,30.10 1 0
frigate-event-manager/internal/core/filter/chain.go:32.5,32.16 1 0
frigate-event-manager/internal/core/filter/severity.go:15.58,17.2 1 0
frigate-event-manager/internal/core/filter/severity.go:20.68,21.28 1 0
frigate-event-manager/internal/core/filter/severity.go:21.28,23.6 1 0
frigate-event-manager/internal/core/filter/severity.go:24.5,24.33 1 0
frigate-event-manager/internal/core/filter/severity.go:24.33,25.32 1 0
frigate-event-manager/internal/core/filter/severity.go:25.32,27.10 1 0
frigate-event-manager/internal/core/filter/severity.go:29.5,29.17 1 0
frigate-event-manager/internal/core/processor/processor.go:17.87,22.2 1 0
frigate-event-manager/internal/core/processor/processor.go:27.71,28.80 1 0
frigate-event-manager/internal/core/processor/processor.go:28.80,30.3 1 0
frigate-event-manager/internal/core/processor/processor.go:32.2,32.43 1 0
frigate-event-manager/internal/core/processor/processor.go:32.43,34.3 1 0
frigate-event-manager/internal/core/processor/processor.go:36.2,36.39 1 0
frigate-event-manager/internal/core/throttle/throttle.go:32.99,41.2 1 0
frigate-event-manager/internal/core/throttle/throttle.go:43.70,44.27 1 0
frigate-event-manager/internal/core/throttle/throttle.go:44.27,47.3 2 0
frigate-event-manager/internal/core/throttle/throttle.go:48.2,48.28 1 0
frigate-event-manager/internal/core/throttle/throttle.go:48.28,50.3 1 0
frigate-event-manager/internal/core/throttle/throttle.go:51.2,51.36 1 0
frigate-event-manager/internal/core/throttle/throttle.go:55.40,59.2 3 0
frigate-event-manager/internal/core/throttle/throttle.go:64.68,78.16 8 0
frigate-event-manager/internal/core/throttle/throttle.go:78.16,79.21 1 0
frigate-event-manager/internal/core/throttle/throttle.go:79.21,80.56 1 0
frigate-event-manager/internal/core/throttle/throttle.go:80.56,82.5 1 0
frigate-event-manager/internal/core/throttle/throttle.go:84.8,85.21 1 0
frigate-event-manager/internal/core/throttle/throttle.go:85.21,86.71 1 0
frigate-event-manager/internal/core/throttle/throttle.go:86.71,88.5 1 0
frigate-event-manager/internal/core/throttle/throttle.go:93.2,94.17 2 0
frigate-event-manager/internal/core/throttle/throttle.go:94.17,96.3 1 0
frigate-event-manager/internal/core/throttle/throttle.go:98.2,98.13 1 0
frigate-event-manager/internal/core/throttle/throttle.go:104.49,105.33 1 0
frigate-event-manager/internal/core/throttle/throttle.go:105.33,106.28 1 0
frigate-event-manager/internal/core/throttle/throttle.go:106.28,108.4 1 0
